<?xml version="1.0" encoding="UTF-8"?>
<robot generator="Robot 6.1.1 (Python 3.11.5 on win32)" generated="20231027 09:26:28.991" rpa="false" schemaversion="4">
<suite id="s1" name="Testautomatique" source="c:\Users\DELL\Desktop\ETUDE\Session 3\TECHNIQUES D'AUTOMATISATION DE TESTS I\Selenium_introduction\testautomatique.robot">
<test id="s1-t1" name="tc01 login" line="12">
<kw name="Open Browser" library="SeleniumLibrary">
<arg>${url}</arg>
<arg>${browser}</arg>
<doc>Opens a new browser instance to the optional ``url``.</doc>
<msg timestamp="20231027 09:26:29.339" level="INFO">Opening browser 'Chrome' to base url 'https://bdeb.omnivox.ca/Login/Account/Login?ReturnUrl=%2fintr%2f'.</msg>
<status status="PASS" starttime="20231027 09:26:29.339" endtime="20231027 09:26:32.726"/>
</kw>
<kw name="Maximize Browser Window" library="SeleniumLibrary">
<doc>Maximizes current browser window.</doc>
<status status="PASS" starttime="20231027 09:26:32.726" endtime="20231027 09:26:32.998"/>
</kw>
<kw name="Input Text" library="SeleniumLibrary">
<arg>id:Identifiant</arg>
<arg>${Identifiant}</arg>
<doc>Types the given ``text`` into the text field identified by ``locator``.</doc>
<msg timestamp="20231027 09:26:33.006" level="INFO">Typing text '2343123' into text field 'id:Identifiant'.</msg>
<status status="PASS" starttime="20231027 09:26:32.998" endtime="20231027 09:26:33.309"/>
</kw>
<kw name="Input Password" library="SeleniumLibrary">
<arg>id:Password</arg>
<arg>${id}</arg>
<doc>Types the given password into the text field identified by ``locator``.</doc>
<msg timestamp="20231027 09:26:33.309" level="INFO">Typing password into text field 'id:Password'.</msg>
<msg timestamp="20231027 09:26:33.426" level="INFO">Temporally setting log level to: NONE</msg>
<msg timestamp="20231027 09:26:33.600" level="INFO">Log level changed from NONE to INFO.</msg>
<status status="PASS" starttime="20231027 09:26:33.309" endtime="20231027 09:26:33.600"/>
</kw>
<kw name="Click Button" library="SeleniumLibrary">
<arg>xpath://*[@id="formLogin"]/div[4]/div/button</arg>
<doc>Clicks the button identified by ``locator``.</doc>
<msg timestamp="20231027 09:26:33.600" level="INFO">Clicking button 'xpath://*[@id="formLogin"]/div[4]/div/button'.</msg>
<status status="PASS" starttime="20231027 09:26:33.600" endtime="20231027 09:26:35.550"/>
</kw>
<kw name="Sleep" library="BuiltIn">
<arg>3</arg>
<doc>Pauses the test executed for the given time.</doc>
<msg timestamp="20231027 09:26:38.552" level="INFO">Slept 3 seconds</msg>
<status status="PASS" starttime="20231027 09:26:35.551" endtime="20231027 09:26:38.552"/>
</kw>
<status status="PASS" starttime="20231027 09:26:29.339" endtime="20231027 09:26:38.552"/>
</test>
<status status="PASS" starttime="20231027 09:26:28.997" endtime="20231027 09:26:38.552"/>
</suite>
<statistics>
<total>
<stat pass="1" fail="0" skip="0">All Tests</stat>
</total>
<tag>
</tag>
<suite>
<stat pass="1" fail="0" skip="0" id="s1" name="Testautomatique">Testautomatique</stat>
</suite>
</statistics>
<errors>
</errors>
</robot>
